  Skeleton.cpp
C:\Users\doroz\OneDrive\Desktop\Grafika Hazi Csomag\GrafikaHaziCsomag\Programs\Skeleton\Skeleton\framework.h(165,17): warning C4996: 'fopen': This function or variable may be unsafe. Consider using fopen_s instead. To disable deprecation, use _CRT_SECURE_NO_WARNINGS. See online help for details.
  (compiling source file 'Skeleton.cpp')
  
C:\Users\doroz\OneDrive\Desktop\Grafika Hazi Csomag\GrafikaHaziCsomag\Programs\Skeleton\Skeleton\Skeleton.cpp(129,13): warning C4244: 'initializing': conversion from 'double' to 'float', possible loss of data
C:\Users\doroz\OneDrive\Desktop\Grafika Hazi Csomag\GrafikaHaziCsomag\Programs\Skeleton\Skeleton\Skeleton.cpp(130,13): warning C4244: 'initializing': conversion from 'double' to 'float', possible loss of data
C:\Users\doroz\OneDrive\Desktop\Grafika Hazi Csomag\GrafikaHaziCsomag\Programs\Skeleton\Skeleton\Skeleton.cpp(132,16): warning C4244: 'initializing': conversion from 'double' to 'float', possible loss of data
C:\Users\doroz\OneDrive\Desktop\Grafika Hazi Csomag\GrafikaHaziCsomag\Programs\Skeleton\Skeleton\Skeleton.cpp(133,16): warning C4244: 'initializing': conversion from 'double' to 'float', possible loss of data
C:\Users\doroz\OneDrive\Desktop\Grafika Hazi Csomag\GrafikaHaziCsomag\Programs\Skeleton\Skeleton\Skeleton.cpp(173,19): warning C4244: 'initializing': conversion from 'double' to 'float', possible loss of data
C:\Users\doroz\OneDrive\Desktop\Grafika Hazi Csomag\GrafikaHaziCsomag\Programs\Skeleton\Skeleton\Skeleton.cpp(182,13): warning C4244: 'initializing': conversion from 'double' to 'float', possible loss of data
C:\Users\doroz\OneDrive\Desktop\Grafika Hazi Csomag\GrafikaHaziCsomag\Programs\Skeleton\Skeleton\Skeleton.cpp(183,13): warning C4244: 'initializing': conversion from 'double' to 'float', possible loss of data
C:\Users\doroz\OneDrive\Desktop\Grafika Hazi Csomag\GrafikaHaziCsomag\Programs\Skeleton\Skeleton\Skeleton.cpp(185,16): warning C4244: 'initializing': conversion from 'double' to 'float', possible loss of data
C:\Users\doroz\OneDrive\Desktop\Grafika Hazi Csomag\GrafikaHaziCsomag\Programs\Skeleton\Skeleton\Skeleton.cpp(186,16): warning C4244: 'initializing': conversion from 'double' to 'float', possible loss of data
C:\Users\doroz\OneDrive\Desktop\Grafika Hazi Csomag\GrafikaHaziCsomag\Programs\Skeleton\Skeleton\Skeleton.cpp(274,65): warning C4244: 'argument': conversion from 'double' to 'float', possible loss of data
C:\Users\doroz\OneDrive\Desktop\Grafika Hazi Csomag\GrafikaHaziCsomag\Programs\Skeleton\Skeleton\Skeleton.cpp(274,28): warning C4244: 'argument': conversion from 'double' to 'float', possible loss of data
C:\Users\doroz\OneDrive\Desktop\Grafika Hazi Csomag\GrafikaHaziCsomag\Programs\Skeleton\Skeleton\Skeleton.cpp(301,13): warning C4305: 'initializing': truncation from 'double' to 'float'
C:\Users\doroz\OneDrive\Desktop\Grafika Hazi Csomag\GrafikaHaziCsomag\Programs\Skeleton\Skeleton\Skeleton.cpp(310,57): warning C4305: 'argument': truncation from 'double' to 'float'
C:\Users\doroz\OneDrive\Desktop\Grafika Hazi Csomag\GrafikaHaziCsomag\Programs\Skeleton\Skeleton\Skeleton.cpp(310,76): warning C4305: 'argument': truncation from 'double' to 'float'
C:\Users\doroz\OneDrive\Desktop\Grafika Hazi Csomag\GrafikaHaziCsomag\Programs\Skeleton\Skeleton\Skeleton.cpp(310,71): warning C4305: 'argument': truncation from 'double' to 'float'
C:\Users\doroz\OneDrive\Desktop\Grafika Hazi Csomag\GrafikaHaziCsomag\Programs\Skeleton\Skeleton\Skeleton.cpp(311,62): warning C4305: 'argument': truncation from 'double' to 'float'
C:\Users\doroz\OneDrive\Desktop\Grafika Hazi Csomag\GrafikaHaziCsomag\Programs\Skeleton\Skeleton\Skeleton.cpp(311,57): warning C4305: 'argument': truncation from 'double' to 'float'
C:\Users\doroz\OneDrive\Desktop\Grafika Hazi Csomag\GrafikaHaziCsomag\Programs\Skeleton\Skeleton\Skeleton.cpp(311,52): warning C4305: 'argument': truncation from 'double' to 'float'
C:\Users\doroz\OneDrive\Desktop\Grafika Hazi Csomag\GrafikaHaziCsomag\Programs\Skeleton\Skeleton\Skeleton.cpp(314,62): warning C4305: 'argument': truncation from 'double' to 'float'
C:\Users\doroz\OneDrive\Desktop\Grafika Hazi Csomag\GrafikaHaziCsomag\Programs\Skeleton\Skeleton\Skeleton.cpp(314,56): warning C4305: 'argument': truncation from 'double' to 'float'
C:\Users\doroz\OneDrive\Desktop\Grafika Hazi Csomag\GrafikaHaziCsomag\Programs\Skeleton\Skeleton\Skeleton.cpp(314,89): warning C4305: 'argument': truncation from 'double' to 'float'
C:\Users\doroz\OneDrive\Desktop\Grafika Hazi Csomag\GrafikaHaziCsomag\Programs\Skeleton\Skeleton\Skeleton.cpp(314,84): warning C4305: 'argument': truncation from 'double' to 'float'
C:\Users\doroz\OneDrive\Desktop\Grafika Hazi Csomag\GrafikaHaziCsomag\Programs\Skeleton\Skeleton\Skeleton.cpp(314,79): warning C4305: 'argument': truncation from 'double' to 'float'
C:\Users\doroz\OneDrive\Desktop\Grafika Hazi Csomag\GrafikaHaziCsomag\Programs\Skeleton\Skeleton\Skeleton.cpp(315,55): warning C4305: 'argument': truncation from 'double' to 'float'
C:\Users\doroz\OneDrive\Desktop\Grafika Hazi Csomag\GrafikaHaziCsomag\Programs\Skeleton\Skeleton\Skeleton.cpp(317,77): warning C4305: 'argument': truncation from 'double' to 'float'
C:\Users\doroz\OneDrive\Desktop\Grafika Hazi Csomag\GrafikaHaziCsomag\Programs\Skeleton\Skeleton\Skeleton.cpp(317,72): warning C4305: 'argument': truncation from 'double' to 'float'
C:\Users\doroz\OneDrive\Desktop\Grafika Hazi Csomag\GrafikaHaziCsomag\Programs\Skeleton\Skeleton\Skeleton.cpp(317,67): warning C4305: 'argument': truncation from 'double' to 'float'
C:\Users\doroz\OneDrive\Desktop\Grafika Hazi Csomag\GrafikaHaziCsomag\Programs\Skeleton\Skeleton\Skeleton.cpp(318,47): warning C4305: 'argument': truncation from 'double' to 'float'
C:\Users\doroz\OneDrive\Desktop\Grafika Hazi Csomag\GrafikaHaziCsomag\Programs\Skeleton\Skeleton\Skeleton.cpp(318,68): warning C4305: 'argument': truncation from 'double' to 'float'
C:\Users\doroz\OneDrive\Desktop\Grafika Hazi Csomag\GrafikaHaziCsomag\Programs\Skeleton\Skeleton\Skeleton.cpp(318,59): warning C4305: 'argument': truncation from 'double' to 'float'
C:\Users\doroz\OneDrive\Desktop\Grafika Hazi Csomag\GrafikaHaziCsomag\Programs\Skeleton\Skeleton\Skeleton.cpp(320,70): warning C4305: 'argument': truncation from 'double' to 'float'
C:\Users\doroz\OneDrive\Desktop\Grafika Hazi Csomag\GrafikaHaziCsomag\Programs\Skeleton\Skeleton\Skeleton.cpp(320,65): warning C4305: 'argument': truncation from 'double' to 'float'
C:\Users\doroz\OneDrive\Desktop\Grafika Hazi Csomag\GrafikaHaziCsomag\Programs\Skeleton\Skeleton\Skeleton.cpp(320,60): warning C4305: 'argument': truncation from 'double' to 'float'
C:\Users\doroz\OneDrive\Desktop\Grafika Hazi Csomag\GrafikaHaziCsomag\Programs\Skeleton\Skeleton\Skeleton.cpp(321,62): warning C4305: 'argument': truncation from 'double' to 'float'
C:\Users\doroz\OneDrive\Desktop\Grafika Hazi Csomag\GrafikaHaziCsomag\Programs\Skeleton\Skeleton\Skeleton.cpp(323,62): warning C4305: 'argument': truncation from 'double' to 'float'
C:\Users\doroz\OneDrive\Desktop\Grafika Hazi Csomag\GrafikaHaziCsomag\Programs\Skeleton\Skeleton\Skeleton.cpp(323,54): warning C4305: 'argument': truncation from 'double' to 'float'
C:\Users\doroz\OneDrive\Desktop\Grafika Hazi Csomag\GrafikaHaziCsomag\Programs\Skeleton\Skeleton\Skeleton.cpp(324,61): warning C4305: 'argument': truncation from 'double' to 'float'
C:\Users\doroz\OneDrive\Desktop\Grafika Hazi Csomag\GrafikaHaziCsomag\Programs\Skeleton\Skeleton\Skeleton.cpp(324,51): warning C4305: 'argument': truncation from 'double' to 'float'
C:\Users\doroz\OneDrive\Desktop\Grafika Hazi Csomag\GrafikaHaziCsomag\Programs\Skeleton\Skeleton\Skeleton.cpp(326,70): warning C4305: 'argument': truncation from 'double' to 'float'
C:\Users\doroz\OneDrive\Desktop\Grafika Hazi Csomag\GrafikaHaziCsomag\Programs\Skeleton\Skeleton\Skeleton.cpp(326,64): warning C4305: 'argument': truncation from 'double' to 'float'
C:\Users\doroz\OneDrive\Desktop\Grafika Hazi Csomag\GrafikaHaziCsomag\Programs\Skeleton\Skeleton\Skeleton.cpp(326,58): warning C4305: 'argument': truncation from 'double' to 'float'
C:\Users\doroz\OneDrive\Desktop\Grafika Hazi Csomag\GrafikaHaziCsomag\Programs\Skeleton\Skeleton\Skeleton.cpp(326,92): warning C4305: 'argument': truncation from 'double' to 'float'
C:\Users\doroz\OneDrive\Desktop\Grafika Hazi Csomag\GrafikaHaziCsomag\Programs\Skeleton\Skeleton\Skeleton.cpp(326,87): warning C4305: 'argument': truncation from 'double' to 'float'
C:\Users\doroz\OneDrive\Desktop\Grafika Hazi Csomag\GrafikaHaziCsomag\Programs\Skeleton\Skeleton\Skeleton.cpp(326,82): warning C4305: 'argument': truncation from 'double' to 'float'
C:\Users\doroz\OneDrive\Desktop\Grafika Hazi Csomag\GrafikaHaziCsomag\Programs\Skeleton\Skeleton\Skeleton.cpp(327,41): warning C4305: 'argument': truncation from 'double' to 'float'
C:\Users\doroz\OneDrive\Desktop\Grafika Hazi Csomag\GrafikaHaziCsomag\Programs\Skeleton\Skeleton\Skeleton.cpp(327,52): warning C4305: 'argument': truncation from 'double' to 'float'
C:\Users\doroz\OneDrive\Desktop\Grafika Hazi Csomag\GrafikaHaziCsomag\Programs\Skeleton\Skeleton\Skeleton.cpp(394,68): warning C4244: 'argument': conversion from 'double' to 'float', possible loss of data
C:\Users\doroz\OneDrive\Desktop\Grafika Hazi Csomag\GrafikaHaziCsomag\Programs\Skeleton\Skeleton\Skeleton.cpp(496,41): warning C4305: 'argument': truncation from 'double' to 'float'
  Generating code
  1 of 253 functions ( 0.4%) were compiled, the rest were copied from previous compilation.
    0 functions were new in current compilation
    1 functions had inline decision re-evaluated but remain unchanged
  Finished generating code
  Skeleton.vcxproj -> C:\Users\doroz\OneDrive\Desktop\Grafika Hazi Csomag\GrafikaHaziCsomag\Programs\Skeleton\bin\Skeleton.exe
